  asm-MM-Predictor-2021.cpp
  The contents of <filesystem> are available only with C++17 or later.
C:\Moorthy-MMP\Code\C++_CLI\asm-MM-Predictor-2021.cpp(67,10): warning C4101: 'letter': unreferenced local variable
C:\Moorthy-MMP\Code\C++_CLI\asm-MM-Predictor-2021.cpp(249,16): warning C4244: '=': conversion from '__int64' to 'int', possible loss of data
C:\Moorthy-MMP\Code\C++_CLI\asm-MM-Predictor-2021.cpp(254,16): warning C4244: '=': conversion from '__int64' to 'int', possible loss of data
C:\Moorthy-MMP\Code\C++_CLI\asm-MM-Predictor-2021.cpp(225,13): warning C4101: 'k': unreferenced local variable
C:\Moorthy-MMP\Code\C++_CLI\asm-MM-Predictor-2021.cpp(225,11): warning C4101: 'j': unreferenced local variable
C:\Moorthy-MMP\Code\C++_CLI\asm-MM-Predictor-2021.cpp(398,44): warning C4244: '=': conversion from 'double' to 'int', possible loss of data
C:\Moorthy-MMP\Code\C++_CLI\asm-MM-Predictor-2021.cpp(498,26): warning C4244: '=': conversion from '_Ty' to 'int', possible loss of data
          with
          [
              _Ty=double
          ]
C:\Moorthy-MMP\Code\C++_CLI\asm-MM-Predictor-2021.cpp(502,15): warning C4244: 'initializing': conversion from 'double' to 'int', possible loss of data
C:\Moorthy-MMP\Code\C++_CLI\asm-MM-Predictor-2021.cpp(503,15): warning C4244: 'initializing': conversion from 'double' to 'int', possible loss of data
C:\Moorthy-MMP\Code\C++_CLI\asm-MM-Predictor-2021.cpp(634,62): warning C4244: '=': conversion from 'double' to 'int', possible loss of data
C:\Moorthy-MMP\Code\C++_CLI\asm-MM-Predictor-2021.cpp(638,33): warning C4244: '=': conversion from 'double' to 'int', possible loss of data
C:\Moorthy-MMP\Code\C++_CLI\asm-MM-Predictor-2021.cpp(707,34): warning C4305: 'initializing': truncation from 'int' to 'char'
C:\Moorthy-MMP\Code\C++_CLI\asm-MM-Predictor-2021.cpp(707,29): warning C4309: 'initializing': truncation of constant value
C:\Moorthy-MMP\Code\C++_CLI\asm-MM-Predictor-2021.cpp(726,37): warning C4267: '=': conversion from 'size_t' to 'int', possible loss of data
C:\Moorthy-MMP\Code\C++_CLI\asm-MM-Predictor-2021.cpp(774,39): warning C4267: '=': conversion from 'size_t' to 'int', possible loss of data
C:\Moorthy-MMP\Code\C++_CLI\asm-MM-Predictor-2021.cpp(827,37): warning C4305: '=': truncation from 'int' to 'char'
C:\Moorthy-MMP\Code\C++_CLI\asm-MM-Predictor-2021.cpp(827,32): warning C4309: '=': truncation of constant value
  asm-MM-Predictor-2021.vcxproj -> C:\Moorthy-MMP\Code\C++_CLI\x64\Debug\asm-MM-Predictor-2021.exe
